<?xml version="1.0" encoding="UTF-8"?>
<testng-results ignored="0" total="2" passed="2" failed="0" skipped="0">
  <reporter-output>
  </reporter-output>
  <suite started-at="2022-07-23T14:35:58 IST" name="Default suite" finished-at="2022-07-23T14:36:30 IST" duration-ms="31994">
    <groups>
    </groups>
    <test started-at="2022-07-23T14:35:58 IST" name="Default test" finished-at="2022-07-23T14:36:30 IST" duration-ms="31994">
      <class name="Academy2.HomePage">
        <test-method is-config="true" signature="initializer()[pri:0, instance:Academy2.HomePage@515aebb0]" started-at="2022-07-23T14:35:58 IST" name="initializer" finished-at="2022-07-23T14:36:02 IST" duration-ms="4074" status="PASS">
          <reporter-output>
          </reporter-output>
        </test-method> <!-- initializer -->
        <test-method signature="basePageNavigation(java.lang.String,java.lang.String,java.lang.String)[pri:0, instance:Academy2.HomePage@515aebb0]" started-at="2022-07-23T14:36:02 IST" name="basePageNavigation" data-provider="getData" finished-at="2022-07-23T14:36:18 IST" duration-ms="15835" status="PASS">
          <params>
            <param index="0">
              <value>
                <![CDATA[restricteduser@qw.com]]>
              </value>
            </param>
            <param index="1">
              <value>
                <![CDATA[123456]]>
              </value>
            </param>
            <param index="2">
              <value>
                <![CDATA[restricet user]]>
              </value>
            </param>
          </params>
          <reporter-output>
          </reporter-output>
        </test-method> <!-- basePageNavigation -->
        <test-method signature="basePageNavigation(java.lang.String,java.lang.String,java.lang.String)[pri:0, instance:Academy2.HomePage@515aebb0]" started-at="2022-07-23T14:36:18 IST" name="basePageNavigation" data-provider="getData" finished-at="2022-07-23T14:36:29 IST" duration-ms="10930" status="PASS">
          <params>
            <param index="0">
              <value>
                <![CDATA[nonrestricteduser@qw.com]]>
              </value>
            </param>
            <param index="1">
              <value>
                <![CDATA[123456]]>
              </value>
            </param>
            <param index="2">
              <value>
                <![CDATA[Nonrestricet user]]>
              </value>
            </param>
          </params>
          <reporter-output>
          </reporter-output>
        </test-method> <!-- basePageNavigation -->
        <test-method is-config="true" signature="teardown()[pri:0, instance:Academy2.HomePage@515aebb0]" started-at="2022-07-23T14:36:29 IST" name="teardown" finished-at="2022-07-23T14:36:30 IST" duration-ms="1119" status="PASS">
          <reporter-output>
          </reporter-output>
        </test-method> <!-- teardown -->
      </class> <!-- Academy2.HomePage -->
    </test> <!-- Default test -->
  </suite> <!-- Default suite -->
</testng-results>
